[debug] [2018-05-09T08:09:14.148Z] ----------------------------------------------------------------------
[debug] [2018-05-09T08:09:14.148Z] Command:       C:\Program Files\nodejs\node.exe C:\Users\USUARIO\AppData\Roaming\npm\node_modules\firebase-tools\bin\firebase serve
[debug] [2018-05-09T08:09:14.148Z] CLI Version:   3.18.4
[debug] [2018-05-09T08:09:14.148Z] Platform:      win32
[debug] [2018-05-09T08:09:14.148Z] Node Version:  v8.10.0
[debug] [2018-05-09T08:09:14.148Z] Time:          Wed May 09 2018 10:09:14 GMT+0200 (Hora de verano romance)
[debug] [2018-05-09T08:09:14.148Z] ----------------------------------------------------------------------
[debug] 
[debug] [2018-05-09T08:09:14.163Z] > command requires scopes: ["email","openid","https://www.googleapis.com/auth/cloudplatformprojects.readonly","https://www.googleapis.com/auth/firebase","https://www.googleapis.com/auth/cloud-platform"]
[debug] [2018-05-09T08:09:14.163Z] > authorizing via signed-in user
[debug] [2018-05-09T08:09:14.163Z] > refreshing access token with scopes: ["email","https://www.googleapis.com/auth/cloud-platform","https://www.googleapis.com/auth/cloudplatformprojects.readonly","https://www.googleapis.com/auth/firebase","openid"]
[debug] [2018-05-09T08:09:14.163Z] >>> HTTP REQUEST POST https://www.googleapis.com/oauth2/v3/token  
 { refresh_token: '1/Rxh-6ST5cM_Yx1j2lve0bgy3KBECiWMGz7FEEm70i4A',
  client_id: '563584335869-fgrhgmd47bqnekij5i8b5pr03ho849e6.apps.googleusercontent.com',
  client_secret: 'j9iVZfS8kkCEFUPaAeJV0sAi',
  grant_type: 'refresh_token',
  scope: 'email https://www.googleapis.com/auth/cloud-platform https://www.googleapis.com/auth/cloudplatformprojects.readonly https://www.googleapis.com/auth/firebase openid' } 
 Wed May 09 2018 10:09:14 GMT+0200 (Hora de verano romance)
[debug] [2018-05-09T08:09:14.342Z] <<< HTTP RESPONSE 200
[debug] [2018-05-09T08:09:14.373Z] >>> HTTP REQUEST GET https://admin.firebase.com/v1/projects/fluted-sentry-141618  
  
 Wed May 09 2018 10:09:14 GMT+0200 (Hora de verano romance)
[debug] [2018-05-09T08:09:15.049Z] <<< HTTP RESPONSE 200
[debug] [2018-05-09T08:09:15.049Z] >>> HTTP REQUEST GET https://admin.firebase.com/v1/database/fluted-sentry-141618/tokens  
  
 Wed May 09 2018 10:09:15 GMT+0200 (Hora de verano romance)
[debug] [2018-05-09T08:09:15.716Z] <<< HTTP RESPONSE 200
[debug] [2018-05-09T08:09:15.716Z] >>> HTTP REQUEST GET https://cloudresourcemanager.googleapis.com/v1/projects/fluted-sentry-141618  
  
 Wed May 09 2018 10:09:15 GMT+0200 (Hora de verano romance)
[debug] [2018-05-09T08:09:16.497Z] <<< HTTP RESPONSE 200
[info] 
[info] === Serving from 'C:\xampp\htdocs\firebase'...
[info] 
[debug] [2018-05-09T08:09:16.512Z] >>> HTTP REQUEST GET https://mobilesdk-pa.googleapis.com/v1/projects/707587662647/clients/_:getWebAppConfig  
  
 Wed May 09 2018 10:09:16 GMT+0200 (Hora de verano romance)
[debug] [2018-05-09T08:09:16.966Z] <<< HTTP RESPONSE 200
[info] i  hosting: Serving hosting files from: public
[info] +  hosting: Local server: http://localhost:5000

